****************!THIS IS AN IGNORED ERROR IN PROGRAM!***************
=====================start of an error reported=====================
Class Name:    Material.MatMainScreen
Function Name: searchOrderResult

==========================start of message==========================
Index 2 out of bounds for length 2
===========================end of message===========================

=========================start of stackTrace========================
java.base/jdk.internal.util.Preconditions.outOfBounds(Preconditions.java:64)
java.base/jdk.internal.util.Preconditions.outOfBoundsCheckIndex(Preconditions.java:70)
java.base/jdk.internal.util.Preconditions.checkIndex(Preconditions.java:248)
java.base/java.util.Objects.checkIndex(Objects.java:373)
java.base/java.util.ArrayList.get(ArrayList.java:425)
javafx.base/com.sun.javafx.collections.ObservableListWrapper.get(ObservableListWrapper.java:89)
javafx.base/com.sun.javafx.collections.VetoableListDecorator.get(VetoableListDecorator.java:306)
javafx.graphics/javafx.scene.Parent$3.onProposedChange(Parent.java:527)
javafx.base/com.sun.javafx.collections.VetoableListDecorator.remove(VetoableListDecorator.java:329)
Material.MatMainScreen.searchOrderResult(MatMainScreen.java:360)
Material.MatMainScreen.lambda$ChangeScene$2(MatMainScreen.java:179)
javafx.base/com.sun.javafx.event.CompositeEventHandler.dispatchBubblingEvent(CompositeEventHandler.java:86)
javafx.base/com.sun.javafx.event.EventHandlerManager.dispatchBubblingEvent(EventHandlerManager.java:238)
javafx.base/com.sun.javafx.event.EventHandlerManager.dispatchBubblingEvent(EventHandlerManager.java:191)
javafx.base/com.sun.javafx.event.CompositeEventDispatcher.dispatchBubblingEvent(CompositeEventDispatcher.java:59)
javafx.base/com.sun.javafx.event.BasicEventDispatcher.dispatchEvent(BasicEventDispatcher.java:58)
javafx.base/com.sun.javafx.event.EventDispatchChainImpl.dispatchEvent(EventDispatchChainImpl.java:114)
javafx.base/com.sun.javafx.event.BasicEventDispatcher.dispatchEvent(BasicEventDispatcher.java:56)
javafx.base/com.sun.javafx.event.EventDispatchChainImpl.dispatchEvent(EventDispatchChainImpl.java:114)
javafx.base/com.sun.javafx.event.BasicEventDispatcher.dispatchEvent(BasicEventDispatcher.java:56)
javafx.base/com.sun.javafx.event.EventDispatchChainImpl.dispatchEvent(EventDispatchChainImpl.java:114)
javafx.base/com.sun.javafx.event.EventUtil.fireEventImpl(EventUtil.java:74)
javafx.base/com.sun.javafx.event.EventUtil.fireEvent(EventUtil.java:49)
javafx.base/javafx.event.Event.fireEvent(Event.java:198)
javafx.graphics/javafx.scene.Node.fireEvent(Node.java:8879)
javafx.controls/javafx.scene.control.Button.fire(Button.java:200)
javafx.controls/com.sun.javafx.scene.control.behavior.ButtonBehavior.mouseReleased(ButtonBehavior.java:206)
javafx.controls/com.sun.javafx.scene.control.inputmap.InputMap.handle(InputMap.java:274)
javafx.base/com.sun.javafx.event.CompositeEventHandler$NormalEventHandlerRecord.handleBubblingEvent(CompositeEventHandler.java:218)
javafx.base/com.sun.javafx.event.CompositeEventHandler.dispatchBubblingEvent(CompositeEventHandler.java:80)
javafx.base/com.sun.javafx.event.EventHandlerManager.dispatchBubblingEvent(EventHandlerManager.java:238)
javafx.base/com.sun.javafx.event.EventHandlerManager.dispatchBubblingEvent(EventHandlerManager.java:191)
javafx.base/com.sun.javafx.event.CompositeEventDispatcher.dispatchBubblingEvent(CompositeEventDispatcher.java:59)
javafx.base/com.sun.javafx.event.BasicEventDispatcher.dispatchEvent(BasicEventDispatcher.java:58)
javafx.base/com.sun.javafx.event.EventDispatchChainImpl.dispatchEvent(EventDispatchChainImpl.java:114)
javafx.base/com.sun.javafx.event.BasicEventDispatcher.dispatchEvent(BasicEventDispatcher.java:56)
javafx.base/com.sun.javafx.event.EventDispatchChainImpl.dispatchEvent(EventDispatchChainImpl.java:114)
javafx.base/com.sun.javafx.event.BasicEventDispatcher.dispatchEvent(BasicEventDispatcher.java:56)
javafx.base/com.sun.javafx.event.EventDispatchChainImpl.dispatchEvent(EventDispatchChainImpl.java:114)
javafx.base/com.sun.javafx.event.EventUtil.fireEventImpl(EventUtil.java:74)
javafx.base/com.sun.javafx.event.EventUtil.fireEvent(EventUtil.java:54)
javafx.base/javafx.event.Event.fireEvent(Event.java:198)
javafx.graphics/javafx.scene.Scene$MouseHandler.process(Scene.java:3851)
javafx.graphics/javafx.scene.Scene$MouseHandler.access$1200(Scene.java:3579)
javafx.graphics/javafx.scene.Scene.processMouseEvent(Scene.java:1849)
javafx.graphics/javafx.scene.Scene$ScenePeerListener.mouseEvent(Scene.java:2588)
javafx.graphics/com.sun.javafx.tk.quantum.GlassViewEventHandler$MouseEventNotification.run(GlassViewEventHandler.java:397)
javafx.graphics/com.sun.javafx.tk.quantum.GlassViewEventHandler$MouseEventNotification.run(GlassViewEventHandler.java:295)
java.base/java.security.AccessController.doPrivileged(AccessController.java:391)
javafx.graphics/com.sun.javafx.tk.quantum.GlassViewEventHandler.lambda$handleMouseEvent$2(GlassViewEventHandler.java:434)
javafx.graphics/com.sun.javafx.tk.quantum.QuantumToolkit.runWithoutRenderLock(QuantumToolkit.java:390)
javafx.graphics/com.sun.javafx.tk.quantum.GlassViewEventHandler.handleMouseEvent(GlassViewEventHandler.java:433)
javafx.graphics/com.sun.glass.ui.View.handleMouseEvent(View.java:556)
javafx.graphics/com.sun.glass.ui.View.notifyMouse(View.java:942)
javafx.graphics/com.sun.glass.ui.mac.MacView.notifyMouse(MacView.java:127)
==========================end of stackTrace=========================

=======================end of an error reported=====================

